2021-06-19 14:19:46 INFO Starting AgendaApplication on MacBook-Air-de-Edson.local with PID 15207 (/Users/egazetta/develop/estudos/agenda-back-java/build/classes/java/main started by egazetta in /Users/egazetta/develop/estudos/agenda-back-java)
2021-06-19 14:19:46 DEBUG Running with Spring Boot v2.3.2.RELEASE, Spring v5.2.8.RELEASE
2021-06-19 14:19:46 INFO No active profile set, falling back to default profiles: default
2021-06-19 14:19:47 INFO Bootstrapping Spring Data MongoDB repositories in DEFAULT mode.
2021-06-19 14:19:47 INFO Finished Spring Data repository scanning in 12ms. Found 0 MongoDB repository interfaces.
2021-06-19 14:19:47 INFO Post-processing PropertySource instances
2021-06-19 14:19:47 INFO Converting PropertySource configurationProperties [org.springframework.boot.context.properties.source.ConfigurationPropertySourcesPropertySource] to AOP Proxy
2021-06-19 14:19:47 INFO Converting PropertySource systemProperties [org.springframework.core.env.PropertiesPropertySource] to EncryptableMapPropertySourceWrapper
2021-06-19 14:19:47 INFO Converting PropertySource systemEnvironment [org.springframework.boot.env.SystemEnvironmentPropertySourceEnvironmentPostProcessor$OriginAwareSystemEnvironmentPropertySource] to EncryptableMapPropertySourceWrapper
2021-06-19 14:19:47 INFO Converting PropertySource random [org.springframework.boot.env.RandomValuePropertySource] to EncryptablePropertySourceWrapper
2021-06-19 14:19:47 INFO Converting PropertySource applicationConfig: [classpath:/application.properties] [org.springframework.boot.env.OriginTrackedMapPropertySource] to EncryptableMapPropertySourceWrapper
2021-06-19 14:19:47 INFO Property Filter custom Bean not found with name 'encryptablePropertyFilter'. Initializing Default Property Filter
2021-06-19 14:19:48 INFO Property Resolver custom Bean not found with name 'encryptablePropertyResolver'. Initializing Default Property Resolver
2021-06-19 14:19:48 INFO Property Detector custom Bean not found with name 'encryptablePropertyDetector'. Initializing Default Property Detector
2021-06-19 14:19:48 INFO Cluster created with settings {hosts=[localhost:27017], mode=SINGLE, requiredClusterType=UNKNOWN, serverSelectionTimeout='30000 ms'}
2021-06-19 14:19:48 INFO Opened connection [connectionId{localValue:1, serverValue:37}] to localhost:27017
2021-06-19 14:19:48 INFO Monitor thread successfully connected to server with description ServerDescription{address=localhost:27017, type=STANDALONE, state=CONNECTED, ok=true, minWireVersion=0, maxWireVersion=8, maxDocumentSize=16777216, logicalSessionTimeoutMinutes=30, roundTripTimeNanos=8617205}
2021-06-19 14:19:48 WARN Registering converter from class java.time.LocalDateTime to class org.joda.time.LocalDateTime as reading converter although it doesn't convert from a store-supported type! You might want to check your annotation setup at the converter implementation.
2021-06-19 14:19:48 WARN Registering converter from class java.time.LocalDateTime to class org.joda.time.LocalDateTime as reading converter although it doesn't convert from a store-supported type! You might want to check your annotation setup at the converter implementation.
2021-06-19 14:19:49 INFO Netty started on port(s): 1880
2021-06-19 14:19:49 INFO Started AgendaApplication in 3.559 seconds (JVM running for 10.409)
2021-06-19 14:23:16 INFO Opened connection [connectionId{localValue:2, serverValue:38}] to localhost:27017
2021-06-19 14:30:33 INFO Starting AgendaApplication on MacBook-Air-de-Edson.local with PID 16007 (/Users/egazetta/develop/estudos/agenda-back-java/build/classes/java/main started by egazetta in /Users/egazetta/develop/estudos/agenda-back-java)
2021-06-19 14:30:33 DEBUG Running with Spring Boot v2.3.2.RELEASE, Spring v5.2.8.RELEASE
2021-06-19 14:30:33 INFO No active profile set, falling back to default profiles: default
2021-06-19 14:30:34 INFO Bootstrapping Spring Data MongoDB repositories in DEFAULT mode.
2021-06-19 14:30:34 INFO Finished Spring Data repository scanning in 17ms. Found 0 MongoDB repository interfaces.
2021-06-19 14:30:35 INFO Post-processing PropertySource instances
2021-06-19 14:30:35 INFO Converting PropertySource configurationProperties [org.springframework.boot.context.properties.source.ConfigurationPropertySourcesPropertySource] to AOP Proxy
2021-06-19 14:30:35 INFO Converting PropertySource systemProperties [org.springframework.core.env.PropertiesPropertySource] to EncryptableMapPropertySourceWrapper
2021-06-19 14:30:35 INFO Converting PropertySource systemEnvironment [org.springframework.boot.env.SystemEnvironmentPropertySourceEnvironmentPostProcessor$OriginAwareSystemEnvironmentPropertySource] to EncryptableMapPropertySourceWrapper
2021-06-19 14:30:35 INFO Converting PropertySource random [org.springframework.boot.env.RandomValuePropertySource] to EncryptablePropertySourceWrapper
2021-06-19 14:30:35 INFO Converting PropertySource applicationConfig: [classpath:/application.properties] [org.springframework.boot.env.OriginTrackedMapPropertySource] to EncryptableMapPropertySourceWrapper
2021-06-19 14:30:35 INFO Property Filter custom Bean not found with name 'encryptablePropertyFilter'. Initializing Default Property Filter
2021-06-19 14:30:35 INFO Property Resolver custom Bean not found with name 'encryptablePropertyResolver'. Initializing Default Property Resolver
2021-06-19 14:30:35 INFO Property Detector custom Bean not found with name 'encryptablePropertyDetector'. Initializing Default Property Detector
2021-06-19 14:30:35 INFO Cluster created with settings {hosts=[localhost:27017], mode=SINGLE, requiredClusterType=UNKNOWN, serverSelectionTimeout='30000 ms'}
2021-06-19 14:30:36 INFO Opened connection [connectionId{localValue:1, serverValue:40}] to localhost:27017
2021-06-19 14:30:36 INFO Monitor thread successfully connected to server with description ServerDescription{address=localhost:27017, type=STANDALONE, state=CONNECTED, ok=true, minWireVersion=0, maxWireVersion=8, maxDocumentSize=16777216, logicalSessionTimeoutMinutes=30, roundTripTimeNanos=8096638}
2021-06-19 14:30:36 WARN Registering converter from class java.time.LocalDateTime to class org.joda.time.LocalDateTime as reading converter although it doesn't convert from a store-supported type! You might want to check your annotation setup at the converter implementation.
2021-06-19 14:30:36 WARN Registering converter from class java.time.LocalDateTime to class org.joda.time.LocalDateTime as reading converter although it doesn't convert from a store-supported type! You might want to check your annotation setup at the converter implementation.
2021-06-19 14:30:37 INFO Netty started on port(s): 1880
2021-06-19 14:30:37 INFO Started AgendaApplication in 3.949 seconds (JVM running for 10.434)
2021-06-19 14:30:39 INFO Opened connection [connectionId{localValue:2, serverValue:41}] to localhost:27017
2021-06-19 18:57:26 INFO Starting AgendaApplication on MacBook-Air-de-Edson.local with PID 26008 (/Users/egazetta/develop/estudos/agenda-back-java/build/classes/java/main started by egazetta in /Users/egazetta/develop/estudos/agenda-back-java)
2021-06-19 18:57:26 DEBUG Running with Spring Boot v2.3.2.RELEASE, Spring v5.2.8.RELEASE
2021-06-19 18:57:26 INFO No active profile set, falling back to default profiles: default
2021-06-19 18:57:27 INFO Bootstrapping Spring Data MongoDB repositories in DEFAULT mode.
2021-06-19 18:57:27 INFO Finished Spring Data repository scanning in 12ms. Found 0 MongoDB repository interfaces.
2021-06-19 18:57:27 INFO Post-processing PropertySource instances
2021-06-19 18:57:27 INFO Converting PropertySource configurationProperties [org.springframework.boot.context.properties.source.ConfigurationPropertySourcesPropertySource] to AOP Proxy
2021-06-19 18:57:27 INFO Converting PropertySource systemProperties [org.springframework.core.env.PropertiesPropertySource] to EncryptableMapPropertySourceWrapper
2021-06-19 18:57:27 INFO Converting PropertySource systemEnvironment [org.springframework.boot.env.SystemEnvironmentPropertySourceEnvironmentPostProcessor$OriginAwareSystemEnvironmentPropertySource] to EncryptableMapPropertySourceWrapper
2021-06-19 18:57:27 INFO Converting PropertySource random [org.springframework.boot.env.RandomValuePropertySource] to EncryptablePropertySourceWrapper
2021-06-19 18:57:27 INFO Converting PropertySource applicationConfig: [classpath:/application.properties] [org.springframework.boot.env.OriginTrackedMapPropertySource] to EncryptableMapPropertySourceWrapper
2021-06-19 18:57:27 INFO Property Filter custom Bean not found with name 'encryptablePropertyFilter'. Initializing Default Property Filter
2021-06-19 18:57:28 INFO Property Resolver custom Bean not found with name 'encryptablePropertyResolver'. Initializing Default Property Resolver
2021-06-19 18:57:28 INFO Property Detector custom Bean not found with name 'encryptablePropertyDetector'. Initializing Default Property Detector
2021-06-19 18:57:28 INFO Cluster created with settings {hosts=[localhost:27017], mode=SINGLE, requiredClusterType=UNKNOWN, serverSelectionTimeout='30000 ms'}
2021-06-19 18:57:28 INFO Opened connection [connectionId{localValue:1, serverValue:44}] to localhost:27017
2021-06-19 18:57:28 INFO Monitor thread successfully connected to server with description ServerDescription{address=localhost:27017, type=STANDALONE, state=CONNECTED, ok=true, minWireVersion=0, maxWireVersion=8, maxDocumentSize=16777216, logicalSessionTimeoutMinutes=30, roundTripTimeNanos=8720334}
2021-06-19 18:57:28 WARN Registering converter from class java.time.LocalDateTime to class org.joda.time.LocalDateTime as reading converter although it doesn't convert from a store-supported type! You might want to check your annotation setup at the converter implementation.
2021-06-19 18:57:28 WARN Registering converter from class java.time.LocalDateTime to class org.joda.time.LocalDateTime as reading converter although it doesn't convert from a store-supported type! You might want to check your annotation setup at the converter implementation.
2021-06-19 18:57:34 INFO Netty started on port(s): 1880
2021-06-19 18:57:34 INFO Started AgendaApplication in 9.891 seconds (JVM running for 17.327)
2021-06-19 18:57:38 INFO Opened connection [connectionId{localValue:2, serverValue:45}] to localhost:27017
